-------------------------------------------------------------------------------
Test set: com.coforge.hmsSpringBoot.HmsSpringBootApplicationTests
-------------------------------------------------------------------------------
Tests run: 1, Failures: 0, Errors: 1, Skipped: 0, Time elapsed: 0.185 s <<< FAILURE! - in com.coforge.hmsSpringBoot.HmsSpringBootApplicationTests
com.coforge.hmsSpringBoot.HmsSpringBootApplicationTests  Time elapsed: 0.183 s  <<< ERROR!
java.lang.IllegalStateException: Unable to find a @SpringBootConfiguration, you need to use @ContextConfiguration or @SpringBootTest(classes=...) with your test

